<?xml version="1.0" encoding="UTF-8"?>
<coverage generated="1622216366446" clover="3.2.0">
  <project timestamp="1622216366447" name="All files">
    <metrics statements="22" coveredstatements="22" conditionals="12" coveredconditionals="10" methods="2" coveredmethods="2" elements="36" coveredelements="34" complexity="0" loc="22" ncloc="22" packages="1" files="1" classes="1"/>
    <file name="cipher.js" path="C:\Users\Tere\Desktop\laboratoria\SCL017-cipher\src\cipher.js">
      <metrics statements="22" coveredstatements="22" conditionals="12" coveredconditionals="10" methods="2" coveredmethods="2"/>
      <line num="1" count="1" type="stmt"/>
      <line num="4" count="1" type="stmt"/>
      <line num="6" count="2" type="stmt"/>
      <line num="7" count="2" type="stmt"/>
      <line num="9" count="2" type="cond" truecount="2" falsecount="0"/>
      <line num="11" count="1" type="stmt"/>
      <line num="12" count="26" type="cond" truecount="1" falsecount="1"/>
      <line num="13" count="26" type="stmt"/>
      <line num="14" count="676" type="cond" truecount="2" falsecount="0"/>
      <line num="15" count="26" type="stmt"/>
      <line num="16" count="26" type="stmt"/>
      <line num="23" count="2" type="stmt"/>
      <line num="28" count="2" type="stmt"/>
      <line num="30" count="2" type="stmt"/>
      <line num="36" count="2" type="cond" truecount="2" falsecount="0"/>
      <line num="37" count="1" type="stmt"/>
      <line num="38" count="26" type="cond" truecount="1" falsecount="1"/>
      <line num="39" count="26" type="stmt"/>
      <line num="40" count="676" type="cond" truecount="2" falsecount="0"/>
      <line num="41" count="26" type="stmt"/>
      <line num="42" count="26" type="stmt"/>
      <line num="48" count="2" type="stmt"/>
    </file>
  </project>
</coverage>
