{"C:\\Users\\Tere\\Desktop\\laboratoria\\SCL017-cipher\\src\\cipher.js": {"path":"C:\\Users\\Tere\\Desktop\\laboratoria\\SCL017-cipher\\src\\cipher.js","statementMap":{"0":{"start":{"line":1,"column":12},"end":{"line":1,"column":40}},"1":{"start":{"line":4,"column":15},"end":{"line":51,"column":1}},"2":{"start":{"line":6,"column":24},"end":{"line":6,"column":26}},"3":{"start":{"line":7,"column":8},"end":{"line":7,"column":36}},"4":{"start":{"line":9,"column":8},"end":{"line":20,"column":9}},"5":{"start":{"line":11,"column":12},"end":{"line":19,"column":13}},"6":{"start":{"line":11,"column":25},"end":{"line":11,"column":26}},"7":{"start":{"line":12,"column":16},"end":{"line":12,"column":59}},"8":{"start":{"line":12,"column":40},"end":{"line":12,"column":57}},"9":{"start":{"line":13,"column":16},"end":{"line":18,"column":17}},"10":{"start":{"line":13,"column":29},"end":{"line":13,"column":30}},"11":{"start":{"line":14,"column":20},"end":{"line":17,"column":21}},"12":{"start":{"line":15,"column":38},"end":{"line":15,"column":55}},"13":{"start":{"line":16,"column":24},"end":{"line":16,"column":50}},"14":{"start":{"line":23,"column":8},"end":{"line":23,"column":25}},"15":{"start":{"line":28,"column":24},"end":{"line":28,"column":26}},"16":{"start":{"line":30,"column":8},"end":{"line":30,"column":43}},"17":{"start":{"line":36,"column":8},"end":{"line":46,"column":9}},"18":{"start":{"line":37,"column":12},"end":{"line":45,"column":13}},"19":{"start":{"line":37,"column":25},"end":{"line":37,"column":26}},"20":{"start":{"line":38,"column":16},"end":{"line":38,"column":59}},"21":{"start":{"line":38,"column":40},"end":{"line":38,"column":57}},"22":{"start":{"line":39,"column":16},"end":{"line":44,"column":17}},"23":{"start":{"line":39,"column":29},"end":{"line":39,"column":30}},"24":{"start":{"line":40,"column":20},"end":{"line":43,"column":21}},"25":{"start":{"line":41,"column":38},"end":{"line":41,"column":55}},"26":{"start":{"line":42,"column":24},"end":{"line":42,"column":50}},"27":{"start":{"line":48,"column":8},"end":{"line":48,"column":25}}},"fnMap":{"0":{"name":"(anonymous_0)","decl":{"start":{"line":5,"column":12},"end":{"line":5,"column":13}},"loc":{"start":{"line":5,"column":32},"end":{"line":25,"column":5}},"line":5},"1":{"name":"(anonymous_1)","decl":{"start":{"line":27,"column":12},"end":{"line":27,"column":13}},"loc":{"start":{"line":27,"column":32},"end":{"line":50,"column":5}},"line":27}},"branchMap":{"0":{"loc":{"start":{"line":9,"column":8},"end":{"line":20,"column":9}},"type":"if","locations":[{"start":{"line":9,"column":8},"end":{"line":20,"column":9}},{"start":{"line":9,"column":8},"end":{"line":20,"column":9}}],"line":9},"1":{"loc":{"start":{"line":12,"column":16},"end":{"line":12,"column":59}},"type":"if","locations":[{"start":{"line":12,"column":16},"end":{"line":12,"column":59}},{"start":{"line":12,"column":16},"end":{"line":12,"column":59}}],"line":12},"2":{"loc":{"start":{"line":14,"column":20},"end":{"line":17,"column":21}},"type":"if","locations":[{"start":{"line":14,"column":20},"end":{"line":17,"column":21}},{"start":{"line":14,"column":20},"end":{"line":17,"column":21}}],"line":14},"3":{"loc":{"start":{"line":36,"column":8},"end":{"line":46,"column":9}},"type":"if","locations":[{"start":{"line":36,"column":8},"end":{"line":46,"column":9}},{"start":{"line":36,"column":8},"end":{"line":46,"column":9}}],"line":36},"4":{"loc":{"start":{"line":38,"column":16},"end":{"line":38,"column":59}},"type":"if","locations":[{"start":{"line":38,"column":16},"end":{"line":38,"column":59}},{"start":{"line":38,"column":16},"end":{"line":38,"column":59}}],"line":38},"5":{"loc":{"start":{"line":40,"column":20},"end":{"line":43,"column":21}},"type":"if","locations":[{"start":{"line":40,"column":20},"end":{"line":43,"column":21}},{"start":{"line":40,"column":20},"end":{"line":43,"column":21}}],"line":40}},"s":{"0":1,"1":1,"2":2,"3":2,"4":2,"5":1,"6":1,"7":26,"8":0,"9":26,"10":26,"11":676,"12":26,"13":26,"14":2,"15":2,"16":2,"17":2,"18":1,"19":1,"20":26,"21":0,"22":26,"23":26,"24":676,"25":26,"26":26,"27":2},"f":{"0":2,"1":2},"b":{"0":[1,1],"1":[0,26],"2":[26,650],"3":[1,1],"4":[0,26],"5":[26,650]},"_coverageSchema":"1a1c01bbd47fc00a2c39e90264f33305004495a9","hash":"dd73984c390bee83a2c78335e400a16a4b4edee3"}
}
