TN:
SF:src\cipher.js
FN:5,(anonymous_0)
FN:27,(anonymous_1)
FNF:2
FNH:2
FNDA:2,(anonymous_0)
FNDA:2,(anonymous_1)
DA:1,1
DA:4,1
DA:6,2
DA:7,2
DA:9,2
DA:11,1
DA:12,26
DA:13,26
DA:14,676
DA:15,26
DA:16,26
DA:23,2
DA:28,2
DA:30,2
DA:36,2
DA:37,1
DA:38,26
DA:39,26
DA:40,676
DA:41,26
DA:42,26
DA:48,2
LF:22
LH:22
BRDA:9,0,0,1
BRDA:9,0,1,1
BRDA:12,1,0,0
BRDA:12,1,1,26
BRDA:14,2,0,26
BRDA:14,2,1,650
BRDA:36,3,0,1
BRDA:36,3,1,1
BRDA:38,4,0,0
BRDA:38,4,1,26
BRDA:40,5,0,26
BRDA:40,5,1,650
BRF:12
BRH:10
end_of_record
